<?xml version="1.0" encoding="UTF-8"?>
<!-- Generated by org.testng.reporters.JUnitXMLReporter -->
<testsuite ignored="0" hostname="EC2AMAZ-S11DBRH" failures="1" tests="3" name="Default test" time="21.175" errors="0" timestamp="2023-08-24T07:55:41 GMT">
  <testcase classname="io.cucumber.testng.AbstractTestNGCucumberTests" name="runScenario" time="7.36"/>
  <testcase classname="io.cucumber.testng.AbstractTestNGCucumberTests" name="runScenario" time="5.265">
    <failure type="java.lang.AssertionError" message="expected [selenium tutorial - Google] but found [selenium tutorial - Google Search]">
      <![CDATA[java.lang.AssertionError: expected [selenium tutorial - Google] but found [selenium tutorial - Google Search]
at org.testng.Assert.fail(Assert.java:110)
at org.testng.Assert.failNotEquals(Assert.java:1577)
at org.testng.Assert.assertEqualsImpl(Assert.java:149)
at org.testng.Assert.assertEquals(Assert.java:131)
at org.testng.Assert.assertEquals(Assert.java:655)
at org.testng.Assert.assertEquals(Assert.java:665)
at stepdefinition.GooglePageSearch.should_display_selenium_result_page(GooglePageSearch.java:60)
at âœ½.Should Display Selenium result page(file:///C:/Users/Administrator/git/testcucumber/src/test/resources/features/GooglePageSearch.feature:13)
]]>
    </failure>
  </testcase> <!-- runScenario -->
  <testcase classname="io.cucumber.testng.AbstractTestNGCucumberTests" name="runScenario" time="5.605"/>
</testsuite> <!-- Default test -->
