<?xml version="1.0" encoding="UTF-8"?>
<testng-results ignored="0" total="3" passed="2" failed="1" skipped="0">
  <reporter-output>
  </reporter-output>
  <suite started-at="2023-08-24T07:55:19 GMT" name="Default suite" finished-at="2023-08-24T07:55:41 GMT" duration-ms="21175">
    <groups>
      <group name="cucumber">
        <method signature="AbstractTestNGCucumberTests.runScenario(io.cucumber.testng.PickleWrapper,io.cucumber.testng.FeatureWrapper)[pri:0, instance:runners.TestRunner@402c4085]" name="runScenario" class="io.cucumber.testng.AbstractTestNGCucumberTests"/>
      </group> <!-- cucumber -->
    </groups>
    <test started-at="2023-08-24T07:55:19 GMT" name="Default test" finished-at="2023-08-24T07:55:41 GMT" duration-ms="21175">
      <class name="runners.TestRunner">
        <test-method is-config="true" signature="setUpClass(org.testng.ITestContext)[pri:0, instance:runners.TestRunner@402c4085]" started-at="2023-08-24T07:55:19 GMT" name="setUpClass" finished-at="2023-08-24T07:55:21 GMT" duration-ms="1135" status="PASS">
          <params>
            <param index="0">
              <value>
                <![CDATA[org.testng.TestRunner@5df92089]]>
              </value>
            </param>
          </params>
          <reporter-output>
          </reporter-output>
        </test-method> <!-- setUpClass -->
        <test-method signature="runScenario(io.cucumber.testng.PickleWrapper,io.cucumber.testng.FeatureWrapper)[pri:0, instance:runners.TestRunner@402c4085]" started-at="2023-08-24T07:55:21 GMT" name="runScenario" description="Runs Cucumber Scenarios" data-provider="scenarios" finished-at="2023-08-24T07:55:28 GMT" duration-ms="7360" status="PASS">
          <params>
            <param index="0">
              <value>
                <![CDATA["Search Java Tuturoial"]]>
              </value>
            </param>
            <param index="1">
              <value>
                <![CDATA["Google Search Page Functionality"]]>
              </value>
            </param>
          </params>
          <reporter-output>
          </reporter-output>
        </test-method> <!-- runScenario -->
        <test-method signature="runScenario(io.cucumber.testng.PickleWrapper,io.cucumber.testng.FeatureWrapper)[pri:0, instance:runners.TestRunner@402c4085]" started-at="2023-08-24T07:55:28 GMT" name="runScenario" description="Runs Cucumber Scenarios" data-provider="scenarios" finished-at="2023-08-24T07:55:33 GMT" duration-ms="5265" status="FAIL">
          <params>
            <param index="0">
              <value>
                <![CDATA["Search Selenium Tuturoial"]]>
              </value>
            </param>
            <param index="1">
              <value>
                <![CDATA["Google Search Page Functionality"]]>
              </value>
            </param>
          </params>
          <exception class="java.lang.AssertionError">
            <message>
              <![CDATA[expected [selenium tutorial - Google] but found [selenium tutorial - Google Search]]]>
            </message>
            <full-stacktrace>
              <![CDATA[java.lang.AssertionError: expected [selenium tutorial - Google] but found [selenium tutorial - Google Search]
at org.testng.Assert.fail(Assert.java:110)
at org.testng.Assert.failNotEquals(Assert.java:1577)
at org.testng.Assert.assertEqualsImpl(Assert.java:149)
at org.testng.Assert.assertEquals(Assert.java:131)
at org.testng.Assert.assertEquals(Assert.java:655)
at org.testng.Assert.assertEquals(Assert.java:665)
at stepdefinition.GooglePageSearch.should_display_selenium_result_page(GooglePageSearch.java:60)
at âœ½.Should Display Selenium result page(file:///C:/Users/Administrator/git/testcucumber/src/test/resources/features/GooglePageSearch.feature:13)
]]>
            </full-stacktrace>
          </exception> <!-- java.lang.AssertionError -->
          <reporter-output>
          </reporter-output>
        </test-method> <!-- runScenario -->
        <test-method signature="runScenario(io.cucumber.testng.PickleWrapper,io.cucumber.testng.FeatureWrapper)[pri:0, instance:runners.TestRunner@402c4085]" started-at="2023-08-24T07:55:33 GMT" name="runScenario" description="Runs Cucumber Scenarios" data-provider="scenarios" finished-at="2023-08-24T07:55:39 GMT" duration-ms="5605" status="PASS">
          <params>
            <param index="0">
              <value>
                <![CDATA["Send email to user"]]>
              </value>
            </param>
            <param index="1">
              <value>
                <![CDATA["Sending test email"]]>
              </value>
            </param>
          </params>
          <reporter-output>
          </reporter-output>
        </test-method> <!-- runScenario -->
        <test-method is-config="true" signature="tearDownClass()[pri:0, instance:runners.TestRunner@402c4085]" started-at="2023-08-24T07:55:39 GMT" name="tearDownClass" finished-at="2023-08-24T07:55:41 GMT" duration-ms="1737" status="PASS">
          <reporter-output>
          </reporter-output>
        </test-method> <!-- tearDownClass -->
      </class> <!-- runners.TestRunner -->
    </test> <!-- Default test -->
  </suite> <!-- Default suite -->
</testng-results>
