<?xml version="1.0" encoding="UTF-8"?>
<!-- Generated by org.testng.reporters.JUnitReportReporter -->
<testsuite hostname="EC2AMAZ-S11DBRH" failures="1" tests="3" name="runners.TestRunner" time="18.230" errors="0" timestamp="2023-08-24T07:55:41 GMT" skipped="0">
  <testcase classname="runners.TestRunner" name="runScenario" time="5.605"/>
  <system-out/>
  <testcase classname="runners.TestRunner" name="runScenario" time="5.265">
    <failure message="expected [selenium tutorial - Google] but found [selenium tutorial - Google Search]" type="java.lang.AssertionError">
      <![CDATA[java.lang.AssertionError: expected [selenium tutorial - Google] but found [selenium tutorial - Google Search]
at org.testng.Assert.fail(Assert.java:110)
at org.testng.Assert.failNotEquals(Assert.java:1577)
at org.testng.Assert.assertEqualsImpl(Assert.java:149)
at org.testng.Assert.assertEquals(Assert.java:131)
at org.testng.Assert.assertEquals(Assert.java:655)
at org.testng.Assert.assertEquals(Assert.java:665)
at stepdefinition.GooglePageSearch.should_display_selenium_result_page(GooglePageSearch.java:60)
at âœ½.Should Display Selenium result page(file:///C:/Users/Administrator/git/testcucumber/src/test/resources/features/GooglePageSearch.feature:13)
]]>
    </failure>
  </testcase> <!-- runScenario -->
  <system-out/>
  <testcase classname="runners.TestRunner" name="runScenario" time="7.360"/>
  <system-out/>
</testsuite> <!-- runners.TestRunner -->
